<?xml version="1.0" encoding="UTF-8"?>
<!-- Generated by org.testng.reporters.JUnitReportReporter -->
<testsuite hostname="DESKTOP-8P8A00N" name="TestNGDemo.C3" tests="2" failures="0" timestamp="23 Oct 2019 15:32:24 GMT" time="0.062" errors="0">
  <testcase name="tc01" time="0.015" classname="TestNGDemo.C3"/>
  <testcase name="tc02" time="0.047" classname="TestNGDemo.C3"/>
</testsuite> <!-- TestNGDemo.C3 -->
