<?xml version="1.0" encoding="UTF-8"?>
<!-- Generated by org.testng.reporters.JUnitReportReporter -->
<testsuite hostname="DESKTOP-8P8A00N" name="TestNGDemo.LunchBrowser" tests="1" failures="0" timestamp="24 Oct 2019 03:39:20 GMT" time="22.426" errors="0">
  <testcase name="lunch" time="22.426" classname="TestNGDemo.LunchBrowser"/>
</testsuite> <!-- TestNGDemo.LunchBrowser -->
