<?xml version="1.0" encoding="UTF-8"?>
<!-- Generated by org.testng.reporters.JUnitReportReporter -->
<testsuite hostname="DESKTOP-8P8A00N" name="TestNGDemo.C2" tests="3" failures="0" timestamp="23 Oct 2019 15:32:24 GMT" time="0.015" errors="0">
  <testcase name="tc01" time="0.000" classname="TestNGDemo.C2"/>
  <testcase name="tc03" time="0.015" classname="TestNGDemo.C2"/>
  <testcase name="tc04" time="0.000" classname="TestNGDemo.C2"/>
</testsuite> <!-- TestNGDemo.C2 -->
