<?xml version="1.0" encoding="UTF-8"?>
<!-- Generated by org.testng.reporters.JUnitReportReporter -->
<testsuite hostname="DESKTOP-8P8A00N" name="TestNGDemo.C1" tests="4" failures="0" timestamp="23 Oct 2019 15:32:24 GMT" time="0.063" errors="0">
  <testcase name="tc04" time="0.015" classname="TestNGDemo.C1"/>
  <testcase name="tc03" time="0.032" classname="TestNGDemo.C1"/>
  <testcase name="tc01" time="0.016" classname="TestNGDemo.C1"/>
  <testcase name="tc02" time="0.000" classname="TestNGDemo.C1"/>
</testsuite> <!-- TestNGDemo.C1 -->
